Using pre-set license
Built from '2021.1/staging' branch; Version is '2021.1.21f1 (f2d5d3c59f8c) revision 15914451'; Using compiler version '192528614'; Build Type 'Release'
OS: 'Windows 10 Home; OS build 19041.1415; Version 2004; 64bit' Language: 'en' Physical Memory: 16298 MB
BatchMode: 1, IsHumanControllingUs: 0, StartBugReporterOnCrash: 0, Is64bit: 1, IsPro: 0

COMMAND LINE ARGUMENTS:
C:\Program Files\Unity\Hub\Editor\2021.1.21f1\Editor\Unity.exe
-adb2
-batchMode
-noUpm
-name
AssetImportWorker0
-projectPath
C:/Users/derin/Documents/HKU/Jaar1/Blok3/BPW2/BPW2/BPW2
-logFile
Logs/AssetImportWorker0.log
-srvPort
49930
Successfully changed project path to: C:/Users/derin/Documents/HKU/Jaar1/Blok3/BPW2/BPW2/BPW2
C:/Users/derin/Documents/HKU/Jaar1/Blok3/BPW2/BPW2/BPW2
Using Asset Import Pipeline V2.
Refreshing native plugins compatible for Editor in 58.79 ms, found 2 plugins.
Preloading 0 native plugins for Editor in 0.00 ms.
Initialize engine version: 2021.1.21f1 (f2d5d3c59f8c)
[Subsystems] Discovering subsystems at path C:/Program Files/Unity/Hub/Editor/2021.1.21f1/Editor/Data/Resources/UnitySubsystems
[Subsystems] Discovering subsystems at path C:/Users/derin/Documents/HKU/Jaar1/Blok3/BPW2/BPW2/BPW2/Assets
GfxDevice: creating device client; threaded=0; jobified=0
Direct3D:
    Version:  Direct3D 11.0 [level 11.1]
    Renderer: NVIDIA GeForce GTX 1660 SUPER (ID=0x21c4)
    Vendor:   NVIDIA
    VRAM:     5992 MB
    Driver:   30.0.15.1165
Initialize mono
Mono path[0] = 'C:/Program Files/Unity/Hub/Editor/2021.1.21f1/Editor/Data/Managed'
Mono path[1] = 'C:/Program Files/Unity/Hub/Editor/2021.1.21f1/Editor/Data/MonoBleedingEdge/lib/mono/unityjit'
Mono config path = 'C:/Program Files/Unity/Hub/Editor/2021.1.21f1/Editor/Data/MonoBleedingEdge/etc'
Using monoOptions --debugger-agent=transport=dt_socket,embedding=1,server=y,suspend=n,address=127.0.0.1:56904
Begin MonoManager ReloadAssembly
Registering precompiled unity dll's ...
Register platform support module: C:/Program Files/Unity/Hub/Editor/2021.1.21f1/Editor/Data/PlaybackEngines/WindowsStandaloneSupport/UnityEditor.WindowsStandalone.Extensions.dll
Registered in 0.089685 seconds.
Native extension for WindowsStandalone target not found
Refreshing native plugins compatible for Editor in 56.04 ms, found 2 plugins.
Preloading 0 native plugins for Editor in 0.00 ms.
Mono: successfully reloaded assembly
- Completed reload, in  2.073 seconds
Domain Reload Profiling:
	ReloadAssembly (2074ms)
		BeginReloadAssembly (941ms)
			ExecutionOrderSort (0ms)
			DisableScriptedObjects (0ms)
			BackupInstance (0ms)
			ReleaseScriptingObjects (0ms)
			CreateAndSetChildDomain (1ms)
		EndReloadAssembly (518ms)
			LoadAssemblies (939ms)
			RebuildTransferFunctionScriptingTraits (0ms)
			SetupTypeCache (315ms)
			ReleaseScriptCaches (0ms)
			RebuildScriptCaches (18ms)
			SetupLoadedEditorAssemblies (152ms)
				LogAssemblyErrors (0ms)
				InitializePlatformSupportModulesInManaged (5ms)
				SetLoadedEditorAssemblies (0ms)
				RefreshPlugins (56ms)
				BeforeProcessingInitializeOnLoad (1ms)
				ProcessInitializeOnLoadAttributes (68ms)
				ProcessInitializeOnLoadMethodAttributes (23ms)
				AfterProcessingInitializeOnLoad (0ms)
				EditorAssembliesLoaded (0ms)
			ExecutionOrderSort2 (0ms)
			AwakeInstancesAfterBackupRestoration (0ms)
Platform modules already initialized, skipping
Registering precompiled user dll's ...
Registered in 0.313178 seconds.
Begin MonoManager ReloadAssembly
Native extension for WindowsStandalone target not found
Refreshing native plugins compatible for Editor in 58.58 ms, found 2 plugins.
Preloading 0 native plugins for Editor in 0.00 ms.
HDRP Internally changed the storage of Cube Cookie to use Octahedral Projection inside the 2D Cookie Atlas. It is recommended that you increase the size of the 2D Cookie Atlas if your cookies no longer fit.
UnityEngine.StackTraceUtility:ExtractStackTrace ()
UnityEngine.DebugLogHandler:LogFormat (UnityEngine.LogType,UnityEngine.Object,string,object[])
UnityEngine.Logger:Log (UnityEngine.LogType,object)
UnityEngine.Debug:Log (object)
UnityEngine.Rendering.HighDefinition.HDRenderPipelineAsset/<>c:<.cctor>b__108_12 (UnityEngine.Rendering.HighDefinition.HDRenderPipelineAsset) (at Library/PackageCache/com.unity.render-pipelines.high-definition@11.0.0/Runtime/RenderPipeline/HDRenderPipelineAsset.Migration.cs:126)
UnityEngine.Rendering.HighDefinition.MigrationStep`2<UnityEngine.Rendering.HighDefinition.HDRenderPipelineAsset/Version, UnityEngine.Rendering.HighDefinition.HDRenderPipelineAsset>:Migrate (UnityEngine.Rendering.HighDefinition.HDRenderPipelineAsset) (at Library/PackageCache/com.unity.render-pipelines.high-definition@11.0.0/Runtime/Core/Migration/MigrationStep.cs:52)
UnityEngine.Rendering.HighDefinition.MigrationDescription`2<UnityEngine.Rendering.HighDefinition.HDRenderPipelineAsset/Version, UnityEngine.Rendering.HighDefinition.HDRenderPipelineAsset>:Migrate (UnityEngine.Rendering.HighDefinition.HDRenderPipelineAsset) (at Library/PackageCache/com.unity.render-pipelines.high-definition@11.0.0/Runtime/Core/Migration/MigrationDescription.cs:101)
UnityEngine.Rendering.HighDefinition.HDRenderPipelineAsset:OnEnable () (at Library/PackageCache/com.unity.render-pipelines.high-definition@11.0.0/Runtime/RenderPipeline/HDRenderPipelineAsset.Migration.cs:146)
UnityEngine.Rendering.GraphicsSettings:get_currentRenderPipeline ()
UnityEditor.Rendering.HighDefinition.HDBakedReflectionSystem:Initialize () (at Library/PackageCache/com.unity.render-pipelines.high-definition@11.0.0/Editor/Lighting/Reflection/HDBakedReflectionSystem.cs:42)
System.Reflection.MonoMethod:Invoke (object,System.Reflection.BindingFlags,System.Reflection.Binder,object[],System.Globalization.CultureInfo)
System.Reflection.MethodBase:Invoke (object,object[])
UnityEditor.EditorAssemblies:ProcessInitializeOnLoadMethodAttributes ()

(Filename: Library/PackageCache/com.unity.render-pipelines.high-definition@11.0.0/Runtime/RenderPipeline/HDRenderPipelineAsset.Migration.cs Line: 126)

Mono: successfully reloaded assembly
- Completed reload, in  3.094 seconds
Domain Reload Profiling:
	ReloadAssembly (3094ms)
		BeginReloadAssembly (103ms)
			ExecutionOrderSort (0ms)
			DisableScriptedObjects (3ms)
			BackupInstance (0ms)
			ReleaseScriptingObjects (0ms)
			CreateAndSetChildDomain (17ms)
		EndReloadAssembly (2951ms)
			LoadAssemblies (1414ms)
			RebuildTransferFunctionScriptingTraits (0ms)
			SetupTypeCache (550ms)
			ReleaseScriptCaches (0ms)
			RebuildScriptCaches (49ms)
			SetupLoadedEditorAssemblies (875ms)
				LogAssemblyErrors (0ms)
				InitializePlatformSupportModulesInManaged (3ms)
				SetLoadedEditorAssemblies (0ms)
				RefreshPlugins (59ms)
				BeforeProcessingInitializeOnLoad (59ms)
				ProcessInitializeOnLoadAttributes (294ms)
				ProcessInitializeOnLoadMethodAttributes (457ms)
				AfterProcessingInitializeOnLoad (3ms)
				EditorAssembliesLoaded (0ms)
			ExecutionOrderSort2 (0ms)
			AwakeInstancesAfterBackupRestoration (5ms)
Platform modules already initialized, skipping
========================================================================
Worker process is ready to serve import requests
Launched and connected shader compiler UnityShaderCompiler.exe after 0.05 seconds
Refreshing native plugins compatible for Editor in 0.66 ms, found 2 plugins.
Preloading 0 native plugins for Editor in 0.00 ms.
Unloading 3991 Unused Serialized files (Serialized files now loaded: 0)
System memory in use before: 270.7 MB.
System memory in use after: 270.8 MB.

Unloading 16 unused Assets to reduce memory usage. Loaded Objects now: 4461.
Total: 2.866000 ms (FindLiveObjects: 0.259000 ms CreateObjectMapping: 0.084300 ms MarkObjects: 2.448000 ms  DeleteObjects: 0.074100 ms)

AssetImportParameters requested are different than current active one (requested -> active):
  custom:framework-win-MediaFoundation: 216162199b28c13a410421893ffa2e32 -> 
  custom:video-decoder-ogg-theora: a1e56fd34408186e4bbccfd4996cb3dc -> 
  custom:container-muxer-webm: aa71ff27fc2769a1b78a27578f13a17b -> 
  custom:container-demuxer-webm: 4f35f7cbe854078d1ac9338744f61a02 -> 
  custom:container-demuxer-ogg: 62fdf1f143b41e24485cea50d1cbac27 -> 
  custom:video-encoder-webm-vp8: eb34c28f22e8b96e1ab97ce403110664 -> 
  custom:video-decoder-webm-vp8: 9c59270c3fd7afecdb556c50c9e8de78 -> 
  custom:audio-decoder-ogg-vorbis: bf7c407c2cedff20999df2af8eb42d56 -> 
  custom:audio-encoder-webm-vorbis: bf7c407c2cedff20999df2af8eb42d56 -> 
========================================================================
Received Import Request.
  path: Assets/Scripts/Inspect/InspectRaycast.cs
  artifactKey: Guid(b357e9567cc95af47901835e3461b67e) Importer(815301076,1909f56bfc062723c751e8b465ee728b)
Start importing Assets/Scripts/Inspect/InspectRaycast.cs using Guid(b357e9567cc95af47901835e3461b67e) Importer(815301076,1909f56bfc062723c751e8b465ee728b)  -> (artifact id: 'af8f491c3830f871a580fb616b7b3485') in 0.026107 seconds 
========================================================================
Received Import Request.
  Time since last request: 92.171206 seconds.
  path: Assets/Scripts/Inspect/InspectRaycast.cs
  artifactKey: Guid(b357e9567cc95af47901835e3461b67e) Importer(815301076,1909f56bfc062723c751e8b465ee728b)
Start importing Assets/Scripts/Inspect/InspectRaycast.cs using Guid(b357e9567cc95af47901835e3461b67e) Importer(815301076,1909f56bfc062723c751e8b465ee728b)  -> (artifact id: 'ddbea2a1ce6574050fbd5a62fd703b80') in 0.001555 seconds 
========================================================================
Received Import Request.
  Time since last request: 342.048827 seconds.
  path: Assets/Scripts/Inspect/InspectRaycast.cs
  artifactKey: Guid(b357e9567cc95af47901835e3461b67e) Importer(815301076,1909f56bfc062723c751e8b465ee728b)
Start importing Assets/Scripts/Inspect/InspectRaycast.cs using Guid(b357e9567cc95af47901835e3461b67e) Importer(815301076,1909f56bfc062723c751e8b465ee728b)  -> (artifact id: '2e7b6f50529ed84497f39232a754bc6d') in 0.001995 seconds 
========================================================================
Received Import Request.
  Time since last request: 1184.697675 seconds.
  path: Assets/Scripts/Inspect/InspectRaycast.cs
  artifactKey: Guid(b357e9567cc95af47901835e3461b67e) Importer(815301076,1909f56bfc062723c751e8b465ee728b)
Start importing Assets/Scripts/Inspect/InspectRaycast.cs using Guid(b357e9567cc95af47901835e3461b67e) Importer(815301076,1909f56bfc062723c751e8b465ee728b)  -> (artifact id: '4af4cd175201412edba27fd370e76443') in 0.001936 seconds 
========================================================================
Received Import Request.
  Time since last request: 297.331988 seconds.
  path: Assets/Scripts/Inspect/InspectRaycast.cs
  artifactKey: Guid(b357e9567cc95af47901835e3461b67e) Importer(815301076,1909f56bfc062723c751e8b465ee728b)
Start importing Assets/Scripts/Inspect/InspectRaycast.cs using Guid(b357e9567cc95af47901835e3461b67e) Importer(815301076,1909f56bfc062723c751e8b465ee728b)  -> (artifact id: '9ee812b75d783f7835bb2e2664286b8c') in 0.002018 seconds 
========================================================================
Received Import Request.
  Time since last request: 101.079630 seconds.
  path: Assets/Scripts/Inspect/InspectRaycast.cs
  artifactKey: Guid(b357e9567cc95af47901835e3461b67e) Importer(815301076,1909f56bfc062723c751e8b465ee728b)
Start importing Assets/Scripts/Inspect/InspectRaycast.cs using Guid(b357e9567cc95af47901835e3461b67e) Importer(815301076,1909f56bfc062723c751e8b465ee728b)  -> (artifact id: '509c4f562337c4e5a82c08ad0ad26283') in 0.001625 seconds 
========================================================================
Received Import Request.
  Time since last request: 201.481692 seconds.
  path: Assets/Scripts/Inspect/InspectController.cs
  artifactKey: Guid(9bf716c7867a81f4e8e71429fdde9ec8) Importer(815301076,1909f56bfc062723c751e8b465ee728b)
Start importing Assets/Scripts/Inspect/InspectController.cs using Guid(9bf716c7867a81f4e8e71429fdde9ec8) Importer(815301076,1909f56bfc062723c751e8b465ee728b)  -> (artifact id: 'ad038ffb58e972a7eb848befeacb3a65') in 0.004254 seconds 
========================================================================
Received Import Request.
  Time since last request: 60.670447 seconds.
  path: Assets/Scripts/Inspect/InspectController.cs
  artifactKey: Guid(9bf716c7867a81f4e8e71429fdde9ec8) Importer(815301076,1909f56bfc062723c751e8b465ee728b)
Start importing Assets/Scripts/Inspect/InspectController.cs using Guid(9bf716c7867a81f4e8e71429fdde9ec8) Importer(815301076,1909f56bfc062723c751e8b465ee728b)  -> (artifact id: 'e580047733dde7c5c8f0118d8ef7322c') in 0.001801 seconds 
========================================================================
Received Import Request.
  Time since last request: 681.324464 seconds.
  path: Assets/Scripts/Inspect/InspectRaycast.cs
  artifactKey: Guid(b357e9567cc95af47901835e3461b67e) Importer(815301076,1909f56bfc062723c751e8b465ee728b)
Start importing Assets/Scripts/Inspect/InspectRaycast.cs using Guid(b357e9567cc95af47901835e3461b67e) Importer(815301076,1909f56bfc062723c751e8b465ee728b)  -> (artifact id: 'cb628ce3ef36e6079409ec6c3e7653d7') in 0.004027 seconds 
========================================================================
Received Import Request.
  Time since last request: 0.873517 seconds.
  path: Assets/Readme.asset
  artifactKey: Guid(83c2ed844a8c74b779a4c823d16594b1) Importer(2089858483,934ff659095e30574adcf32a4c2f97b5)
Start importing Assets/Readme.asset using Guid(83c2ed844a8c74b779a4c823d16594b1) Importer(2089858483,934ff659095e30574adcf32a4c2f97b5)  -> (artifact id: '191bc1de3ee80b281d6f498f34d0e6c9') in 0.050760 seconds 
========================================================================
Received Import Request.
  Time since last request: 0.000110 seconds.
  path: Assets/MASH Virtual/Asset/Texture/GunModle_Gun_MetallicSmoothness.png
  artifactKey: Guid(99623da3046b5cb4b8cb935b778d13f5) Importer(2089858483,934ff659095e30574adcf32a4c2f97b5)
Start importing Assets/MASH Virtual/Asset/Texture/GunModle_Gun_MetallicSmoothness.png using Guid(99623da3046b5cb4b8cb935b778d13f5) Importer(2089858483,934ff659095e30574adcf32a4c2f97b5)  -> (artifact id: 'a3d195b6b264064783e55e0dff8aeffb') in 0.011111 seconds 
========================================================================
Received Import Request.
  Time since last request: 0.000105 seconds.
  path: Assets/Scenes/ItemInspect/Sky and Fog Settings Profile.asset
  artifactKey: Guid(a0793c8ee35732448b4d8fddbae6636e) Importer(2089858483,934ff659095e30574adcf32a4c2f97b5)
Start importing Assets/Scenes/ItemInspect/Sky and Fog Settings Profile.asset using Guid(a0793c8ee35732448b4d8fddbae6636e) Importer(2089858483,934ff659095e30574adcf32a4c2f97b5)  -> (artifact id: 'f75685bfd24c7d77b6c81d51bc958d96') in 0.014760 seconds 
========================================================================
Received Import Request.
  Time since last request: 0.000092 seconds.
  path: Assets/Settings/SampleScenePostProcessingSettings.asset
  artifactKey: Guid(183cbd347d25080429f42b520742bbd8) Importer(2089858483,934ff659095e30574adcf32a4c2f97b5)
Start importing Assets/Settings/SampleScenePostProcessingSettings.asset using Guid(183cbd347d25080429f42b520742bbd8) Importer(2089858483,934ff659095e30574adcf32a4c2f97b5)  -> (artifact id: '52b91d895418a400738bdf8bf9cc5d4a') in 0.011235 seconds 
========================================================================
Received Import Request.
  Time since last request: 0.000097 seconds.
  path: Assets/MASH Virtual/Asset/Texture/GunModle_Gun_Emission.png
  artifactKey: Guid(75f8278e68f326e489206c7316821f14) Importer(2089858483,934ff659095e30574adcf32a4c2f97b5)
Start importing Assets/MASH Virtual/Asset/Texture/GunModle_Gun_Emission.png using Guid(75f8278e68f326e489206c7316821f14) Importer(2089858483,934ff659095e30574adcf32a4c2f97b5)  -> (artifact id: '5dc8f8328ce851cb1b14e0349eae4da4') in 0.004831 seconds 
========================================================================
Received Import Request.
  Time since last request: 0.000103 seconds.
  path: Assets/Spider Green/Spider_texture/texture_diffuse.png
  artifactKey: Guid(d54280bc64c249e49811bcb80f687fb7) Importer(2089858483,934ff659095e30574adcf32a4c2f97b5)
Start importing Assets/Spider Green/Spider_texture/texture_diffuse.png using Guid(d54280bc64c249e49811bcb80f687fb7) Importer(2089858483,934ff659095e30574adcf32a4c2f97b5)  -> (artifact id: '8d40cc2d2c52937023928006b80d4fd1') in 0.004781 seconds 
========================================================================
Received Import Request.
  Time since last request: 0.000097 seconds.
  path: Assets/MASH Virtual/Asset/Material/Gun Mat.mat
  artifactKey: Guid(126aeccc6c094bb48a7584d58853792c) Importer(2089858483,934ff659095e30574adcf32a4c2f97b5)
Start importing Assets/MASH Virtual/Asset/Material/Gun Mat.mat using Guid(126aeccc6c094bb48a7584d58853792c) Importer(2089858483,934ff659095e30574adcf32a4c2f97b5)  -> (artifact id: '000741296d9f60f80a6b076ff9cf6ba0') in 0.006171 seconds 
========================================================================
Received Import Request.
  Time since last request: 0.000098 seconds.
  path: Assets/MASH Virtual/Asset/Texture/GunModle_Gun_AlbedoAO.png
  artifactKey: Guid(e946a9dc39eec974286136379f4a0559) Importer(2089858483,934ff659095e30574adcf32a4c2f97b5)
Start importing Assets/MASH Virtual/Asset/Texture/GunModle_Gun_AlbedoAO.png using Guid(e946a9dc39eec974286136379f4a0559) Importer(2089858483,934ff659095e30574adcf32a4c2f97b5)  -> (artifact id: 'c7ed496d81af92e27e4ed673302ace4a') in 0.006406 seconds 
========================================================================
Received Import Request.
  Time since last request: 0.000092 seconds.
  path: Assets/MASH Virtual/Asset/Material/Text.mat
  artifactKey: Guid(23037c33e61f39549867eb514f8e18b5) Importer(2089858483,934ff659095e30574adcf32a4c2f97b5)
Start importing Assets/MASH Virtual/Asset/Material/Text.mat using Guid(23037c33e61f39549867eb514f8e18b5) Importer(2089858483,934ff659095e30574adcf32a4c2f97b5)  -> (artifact id: '066bfcb15b7261f0be847cae86c1974d') in 0.004536 seconds 
========================================================================
Received Import Request.
  Time since last request: 0.000081 seconds.
  path: Assets/Spider Green/Spider_model/Materials/texture_spider.mat
  artifactKey: Guid(78d88e566e5f7b14aaa719c52b23bd6c) Importer(2089858483,934ff659095e30574adcf32a4c2f97b5)
Start importing Assets/Spider Green/Spider_model/Materials/texture_spider.mat using Guid(78d88e566e5f7b14aaa719c52b23bd6c) Importer(2089858483,934ff659095e30574adcf32a4c2f97b5)  -> (artifact id: '4cd07a1aa5f27f6e1543f085dfbd5c76') in 0.004509 seconds 
========================================================================
Received Import Request.
  Time since last request: 0.000083 seconds.
  path: Assets/HDRPDefaultResources/Sky and Fog Settings Profile.asset
  artifactKey: Guid(2801c2ff7303a7543a8727f862f6c236) Importer(2089858483,934ff659095e30574adcf32a4c2f97b5)
Start importing Assets/HDRPDefaultResources/Sky and Fog Settings Profile.asset using Guid(2801c2ff7303a7543a8727f862f6c236) Importer(2089858483,934ff659095e30574adcf32a4c2f97b5)  -> (artifact id: '3a3c7b7fbec150f892a5a49c9d520fbb') in 0.006360 seconds 
========================================================================
Received Import Request.
  Time since last request: 0.000093 seconds.
  path: Assets/Scripts/Inspect/InspectController.cs
  artifactKey: Guid(9bf716c7867a81f4e8e71429fdde9ec8) Importer(2089858483,934ff659095e30574adcf32a4c2f97b5)
Start importing Assets/Scripts/Inspect/InspectController.cs using Guid(9bf716c7867a81f4e8e71429fdde9ec8) Importer(2089858483,934ff659095e30574adcf32a4c2f97b5)  -> (artifact id: '44a22a0c60d460e3eb38989145c00d0d') in 0.004567 seconds 
========================================================================
Received Import Request.
  Time since last request: 0.000091 seconds.
  path: Assets/Spider Green/Spider_texture/normal.png
  artifactKey: Guid(aceff7d9ae43b16448fc8ad366ef6f42) Importer(2089858483,934ff659095e30574adcf32a4c2f97b5)
Start importing Assets/Spider Green/Spider_texture/normal.png using Guid(aceff7d9ae43b16448fc8ad366ef6f42) Importer(2089858483,934ff659095e30574adcf32a4c2f97b5)  -> (artifact id: '79c60d152ee4b0c675dbb26422f676b3') in 0.006748 seconds 
========================================================================
Received Import Request.
  Time since last request: 0.000103 seconds.
  path: Assets/Settings/Foliage.asset
  artifactKey: Guid(78322c7f82657514ebe48203160e3f39) Importer(2089858483,934ff659095e30574adcf32a4c2f97b5)
Start importing Assets/Settings/Foliage.asset using Guid(78322c7f82657514ebe48203160e3f39) Importer(2089858483,934ff659095e30574adcf32a4c2f97b5)  -> (artifact id: '30f759071e77c3b231705dd241311482') in 0.005163 seconds 
========================================================================
Received Import Request.
  Time since last request: 0.000096 seconds.
  path: Assets/ModularFirstPersonController/How To Use.pdf
  artifactKey: Guid(167a5ec0045348e4997182aa0e0fcea2) Importer(2089858483,934ff659095e30574adcf32a4c2f97b5)
Start importing Assets/ModularFirstPersonController/How To Use.pdf using Guid(167a5ec0045348e4997182aa0e0fcea2) Importer(2089858483,934ff659095e30574adcf32a4c2f97b5)  -> (artifact id: '25f3d1b9ceb0e057dd747abe73e921e1') in 0.007316 seconds 
========================================================================
Received Import Request.
  Time since last request: 0.000098 seconds.
  path: Assets/Spider Green/Spider_model/Materials/New Material.mat
  artifactKey: Guid(9bbb4a8cbf1f9c94f98e9a4853fa3d50) Importer(2089858483,934ff659095e30574adcf32a4c2f97b5)
Start importing Assets/Spider Green/Spider_model/Materials/New Material.mat using Guid(9bbb4a8cbf1f9c94f98e9a4853fa3d50) Importer(2089858483,934ff659095e30574adcf32a4c2f97b5)  -> (artifact id: 'a5e7fa5698937f364a2bd60c2887c6f7') in 0.004633 seconds 
========================================================================
Received Import Request.
  Time since last request: 0.000086 seconds.
  path: Assets/UI.asset
  artifactKey: Guid(8eb03310faa12224882ea1af336ca2c2) Importer(2089858483,934ff659095e30574adcf32a4c2f97b5)
Start importing Assets/UI.asset using Guid(8eb03310faa12224882ea1af336ca2c2) Importer(2089858483,934ff659095e30574adcf32a4c2f97b5)  -> (artifact id: '8c840f2da7cf3155d50daf7611fc17be') in 0.004387 seconds 
========================================================================
Received Import Request.
  Time since last request: 0.000079 seconds.
  path: Assets/Data/Prefabs/FirstPersonController.prefab
  artifactKey: Guid(6bacecc4f3df9584198879c73a6b6c36) Importer(2089858483,934ff659095e30574adcf32a4c2f97b5)
Start importing Assets/Data/Prefabs/FirstPersonController.prefab using Guid(6bacecc4f3df9584198879c73a6b6c36) Importer(2089858483,934ff659095e30574adcf32a4c2f97b5)  -> (artifact id: 'cbb0297e4bf6d0e74e81adc0cf28885b') in 0.005337 seconds 
========================================================================
Received Import Request.
  Time since last request: 0.000081 seconds.
  path: Assets/HDRPDefaultResources/DefaultSceneRoot.prefab
  artifactKey: Guid(f9e3ff5a1b8f49c4fa8686e68d2dadae) Importer(2089858483,934ff659095e30574adcf32a4c2f97b5)
Start importing Assets/HDRPDefaultResources/DefaultSceneRoot.prefab using Guid(f9e3ff5a1b8f49c4fa8686e68d2dadae) Importer(2089858483,934ff659095e30574adcf32a4c2f97b5)  -> (artifact id: '84269ae07444196a218a6d3d105cf864') in 0.006480 seconds 
========================================================================
Received Import Request.
  Time since last request: 0.000086 seconds.
  path: Assets/UI/CircleReticle.png
  artifactKey: Guid(be4ce60e2c9768c44b9b10b9c5258045) Importer(2089858483,934ff659095e30574adcf32a4c2f97b5)
Start importing Assets/UI/CircleReticle.png using Guid(be4ce60e2c9768c44b9b10b9c5258045) Importer(2089858483,934ff659095e30574adcf32a4c2f97b5)  -> (artifact id: '77e52322ab8c54d44d3d1e1a70604590') in 0.005004 seconds 
========================================================================
Received Import Request.
  Time since last request: 0.000092 seconds.
  path: Assets/MASH Virtual/Asset/Material/Gun Mat_MaskMap.png
  artifactKey: Guid(a3d41234e35692f49b4073330ea82d03) Importer(2089858483,934ff659095e30574adcf32a4c2f97b5)
Start importing Assets/MASH Virtual/Asset/Material/Gun Mat_MaskMap.png using Guid(a3d41234e35692f49b4073330ea82d03) Importer(2089858483,934ff659095e30574adcf32a4c2f97b5)  -> (artifact id: 'cfae7e1b721f37cbfca4c4f67dd3ec88') in 0.004909 seconds 
========================================================================
Received Import Request.
  Time since last request: 0.000085 seconds.
  path: Assets/MASH Virtual/Asset/Mesh/Gun.fbx
  artifactKey: Guid(7d06582fc8e311644a92e6d9e9cab273) Importer(2089858483,934ff659095e30574adcf32a4c2f97b5)
Start importing Assets/MASH Virtual/Asset/Mesh/Gun.fbx using Guid(7d06582fc8e311644a92e6d9e9cab273) Importer(2089858483,934ff659095e30574adcf32a4c2f97b5)  -> (artifact id: 'bc5a3690988b1a25e517213f5d24cecb') in 0.015853 seconds 
========================================================================
Received Import Request.
  Time since last request: 0.000098 seconds.
  path: Assets/Scripts/FirstPersonController.cs
  artifactKey: Guid(d90ba6530d9bfda47abb4610956b2f44) Importer(2089858483,934ff659095e30574adcf32a4c2f97b5)
Start importing Assets/Scripts/FirstPersonController.cs using Guid(d90ba6530d9bfda47abb4610956b2f44) Importer(2089858483,934ff659095e30574adcf32a4c2f97b5)  -> (artifact id: '4b2a097f0ad51bb1647a2e4feac4ff9c') in 0.003926 seconds 
========================================================================
Received Import Request.
  Time since last request: 0.000084 seconds.
  path: Assets/Spider Green/Prefab/SPIDER.prefab
  artifactKey: Guid(8c00db5be83e04b4c88b073e10fba9b9) Importer(2089858483,934ff659095e30574adcf32a4c2f97b5)
Start importing Assets/Spider Green/Prefab/SPIDER.prefab using Guid(8c00db5be83e04b4c88b073e10fba9b9) Importer(2089858483,934ff659095e30574adcf32a4c2f97b5)  -> (artifact id: 'faa35060e20bbc0578e39b19165c8a99') in 0.004659 seconds 
========================================================================
Received Import Request.
  Time since last request: 0.000078 seconds.
  path: Assets/MASH Virtual/Asset/Texture/GunModle_Gun_Normal.png
  artifactKey: Guid(56f65315b50ca2541a1d3d67192df3bc) Importer(2089858483,934ff659095e30574adcf32a4c2f97b5)
Start importing Assets/MASH Virtual/Asset/Texture/GunModle_Gun_Normal.png using Guid(56f65315b50ca2541a1d3d67192df3bc) Importer(2089858483,934ff659095e30574adcf32a4c2f97b5)  -> (artifact id: '1bc3bce7339fc8c3473434a79c24b3e5') in 0.004644 seconds 
========================================================================
Received Import Request.
  Time since last request: 0.000084 seconds.
  path: Assets/HDRPDefaultResources/DefaultHDRISky.exr
  artifactKey: Guid(54a3a0570aebe8949bec4966f1376581) Importer(2089858483,934ff659095e30574adcf32a4c2f97b5)
Start importing Assets/HDRPDefaultResources/DefaultHDRISky.exr using Guid(54a3a0570aebe8949bec4966f1376581) Importer(2089858483,934ff659095e30574adcf32a4c2f97b5)  -> (artifact id: '835363b238fd73a47bfde6e83eb71408') in 0.043963 seconds 
========================================================================
Received Import Request.
  Time since last request: 0.000098 seconds.
  path: Assets/Settings/HDRenderPipelineAsset.asset
  artifactKey: Guid(3e2e6bfc59709614ab90c0cd7d755e48) Importer(2089858483,934ff659095e30574adcf32a4c2f97b5)
Start importing Assets/Settings/HDRenderPipelineAsset.asset using Guid(3e2e6bfc59709614ab90c0cd7d755e48) Importer(2089858483,934ff659095e30574adcf32a4c2f97b5) HDRP Internally changed the storage of Cube Cookie to use Octahedral Projection inside the 2D Cookie Atlas. It is recommended that you increase the size of the 2D Cookie Atlas if your cookies no longer fit.
UnityEngine.StackTraceUtility:ExtractStackTrace ()
UnityEngine.DebugLogHandler:LogFormat (UnityEngine.LogType,UnityEngine.Object,string,object[])
UnityEngine.Logger:Log (UnityEngine.LogType,object)
UnityEngine.Debug:Log (object)
UnityEngine.Rendering.HighDefinition.HDRenderPipelineAsset/<>c:<.cctor>b__108_12 (UnityEngine.Rendering.HighDefinition.HDRenderPipelineAsset) (at Library/PackageCache/com.unity.render-pipelines.high-definition@11.0.0/Runtime/RenderPipeline/HDRenderPipelineAsset.Migration.cs:126)
UnityEngine.Rendering.HighDefinition.MigrationStep`2<UnityEngine.Rendering.HighDefinition.HDRenderPipelineAsset/Version, UnityEngine.Rendering.HighDefinition.HDRenderPipelineAsset>:Migrate (UnityEngine.Rendering.HighDefinition.HDRenderPipelineAsset) (at Library/PackageCache/com.unity.render-pipelines.high-definition@11.0.0/Runtime/Core/Migration/MigrationStep.cs:52)
UnityEngine.Rendering.HighDefinition.MigrationDescription`2<UnityEngine.Rendering.HighDefinition.HDRenderPipelineAsset/Version, UnityEngine.Rendering.HighDefinition.HDRenderPipelineAsset>:Migrate (UnityEngine.Rendering.HighDefinition.HDRenderPipelineAsset) (at Library/PackageCache/com.unity.render-pipelines.high-definition@11.0.0/Runtime/Core/Migration/MigrationDescription.cs:101)
UnityEngine.Rendering.HighDefinition.HDRenderPipelineAsset:OnEnable () (at Library/PackageCache/com.unity.render-pipelines.high-definition@11.0.0/Runtime/RenderPipeline/HDRenderPipelineAsset.Migration.cs:146)
UnityEditor.Search.AssetIndexer:IndexDocument (string,bool)
UnityEditor.Search.SearchIndexEntryImporter:OnImportAsset (UnityEditor.AssetImporters.AssetImportContext)
UnityEditor.AssetImporters.ScriptedImporter:GenerateAssetData (UnityEditor.AssetImporters.AssetImportContext)

(Filename: Library/PackageCache/com.unity.render-pipelines.high-definition@11.0.0/Runtime/RenderPipeline/HDRenderPipelineAsset.Migration.cs Line: 126)

 -> (artifact id: '9b45f2b20c757b03f3927b422a315f27') in 0.005905 seconds 
========================================================================
Received Import Request.
  Time since last request: 0.000080 seconds.
  path: Assets/Settings/SampleSceneSkyandFogSettings.asset
  artifactKey: Guid(a123fc0ac58cb774e8592c925f167e7c) Importer(2089858483,934ff659095e30574adcf32a4c2f97b5)
Start importing Assets/Settings/SampleSceneSkyandFogSettings.asset using Guid(a123fc0ac58cb774e8592c925f167e7c) Importer(2089858483,934ff659095e30574adcf32a4c2f97b5)  -> (artifact id: '9e1d0bab0e0dad9a46471bba94257383') in 0.007578 seconds 
========================================================================
Received Import Request.
  Time since last request: 0.000095 seconds.
  path: Assets/Scenes/WalkScene.unity
  artifactKey: Guid(a445ccc3a742cf042928945c13bf90fc) Importer(2089858483,934ff659095e30574adcf32a4c2f97b5)
Start importing Assets/Scenes/WalkScene.unity using Guid(a445ccc3a742cf042928945c13bf90fc) Importer(2089858483,934ff659095e30574adcf32a4c2f97b5)  -> (artifact id: 'eba1308f006101324f9746e09232160b') in 0.004821 seconds 
========================================================================
Received Import Request.
  Time since last request: 0.000092 seconds.
  path: Assets/MASH Virtual/Asset/Material/Glow.mat
  artifactKey: Guid(4e7a7c7b1c24c6242bc7b9b76b31f7ea) Importer(2089858483,934ff659095e30574adcf32a4c2f97b5)
Start importing Assets/MASH Virtual/Asset/Material/Glow.mat using Guid(4e7a7c7b1c24c6242bc7b9b76b31f7ea) Importer(2089858483,934ff659095e30574adcf32a4c2f97b5)  -> (artifact id: 'c744fcabbd8cfb4b1a20242694eaf0ff') in 0.004644 seconds 
========================================================================
Received Import Request.
  Time since last request: 0.000085 seconds.
  path: Assets/MASH Virtual/Asset/Texture/GunModle_Gun_AlbedoTransparency.png
  artifactKey: Guid(ef57d3bdc8f38c84a89d283269b4eed2) Importer(2089858483,934ff659095e30574adcf32a4c2f97b5)
Start importing Assets/MASH Virtual/Asset/Texture/GunModle_Gun_AlbedoTransparency.png using Guid(ef57d3bdc8f38c84a89d283269b4eed2) Importer(2089858483,934ff659095e30574adcf32a4c2f97b5)  -> (artifact id: '4d48ec87b6ef1f621e6f70e90b1f4aaa') in 0.006264 seconds 
========================================================================
Received Import Request.
  Time since last request: 0.000084 seconds.
  path: Assets/Scenes/ItemInspect.unity
  artifactKey: Guid(cf5d3e0a88bd33d43902a4247f5f7a70) Importer(2089858483,934ff659095e30574adcf32a4c2f97b5)
Start importing Assets/Scenes/ItemInspect.unity using Guid(cf5d3e0a88bd33d43902a4247f5f7a70) Importer(2089858483,934ff659095e30574adcf32a4c2f97b5)  -> (artifact id: '07382d8408aa80804c8032685a73a4a7') in 0.004430 seconds 
========================================================================
Received Import Request.
  Time since last request: 0.000085 seconds.
  path: Assets/MASH Virtual/Asset/Material/Walls.mat
  artifactKey: Guid(3004f05b13f291c49831b57089640c63) Importer(2089858483,934ff659095e30574adcf32a4c2f97b5)
Start importing Assets/MASH Virtual/Asset/Material/Walls.mat using Guid(3004f05b13f291c49831b57089640c63) Importer(2089858483,934ff659095e30574adcf32a4c2f97b5)  -> (artifact id: '71b8bd92e0f96d9fac8aa30cadea25ba') in 0.004270 seconds 
========================================================================
Received Import Request.
  Time since last request: 0.000088 seconds.
  path: Assets/HDRPDefaultResources/HDRPDefaultSettings.asset
  artifactKey: Guid(582adbd84082fdb4faf7cd4beb1ccd14) Importer(2089858483,934ff659095e30574adcf32a4c2f97b5)
Start importing Assets/HDRPDefaultResources/HDRPDefaultSettings.asset using Guid(582adbd84082fdb4faf7cd4beb1ccd14) Importer(2089858483,934ff659095e30574adcf32a4c2f97b5)  -> (artifact id: '56a5b828473ae7eb6a1278ff28bfb7ae') in 0.005475 seconds 
========================================================================
Received Import Request.
  Time since last request: 0.000081 seconds.
  path: Assets/Spider Green/Spider_model/SPIDER.fbx
  artifactKey: Guid(130cac6b96af6214296215324b5da188) Importer(2089858483,934ff659095e30574adcf32a4c2f97b5)
Start importing Assets/Spider Green/Spider_model/SPIDER.fbx using Guid(130cac6b96af6214296215324b5da188) Importer(2089858483,934ff659095e30574adcf32a4c2f97b5)  -> (artifact id: '4c0796ff94bf64032395c88fb5df6478') in 0.018010 seconds 
========================================================================
Received Import Request.
  Time since last request: 0.000106 seconds.
  path: Assets/MASH Virtual/Asset/Texture/batteries-1379208_1280.png
  artifactKey: Guid(43b3bf0ef7c042747a2a444b44c88f83) Importer(2089858483,934ff659095e30574adcf32a4c2f97b5)
Start importing Assets/MASH Virtual/Asset/Texture/batteries-1379208_1280.png using Guid(43b3bf0ef7c042747a2a444b44c88f83) Importer(2089858483,934ff659095e30574adcf32a4c2f97b5)  -> (artifact id: '4780788c8fc18fe1933ce772f79f3bd6') in 0.010155 seconds 
========================================================================
Received Import Request.
  Time since last request: 0.000092 seconds.
  path: Assets/MASH Virtual/Asset/Prefab/Gun.prefab
  artifactKey: Guid(bceefb2a39f6db74d9bc9d006687b7f1) Importer(2089858483,934ff659095e30574adcf32a4c2f97b5)
Start importing Assets/MASH Virtual/Asset/Prefab/Gun.prefab using Guid(bceefb2a39f6db74d9bc9d006687b7f1) Importer(2089858483,934ff659095e30574adcf32a4c2f97b5)  -> (artifact id: 'f2e601006244b74c1e2527432bc9124d') in 0.003937 seconds 
========================================================================
Received Import Request.
  Time since last request: 0.000085 seconds.
  path: Assets/Scripts/Inspect/InspectRaycast.cs
  artifactKey: Guid(b357e9567cc95af47901835e3461b67e) Importer(2089858483,934ff659095e30574adcf32a4c2f97b5)
Start importing Assets/Scripts/Inspect/InspectRaycast.cs using Guid(b357e9567cc95af47901835e3461b67e) Importer(2089858483,934ff659095e30574adcf32a4c2f97b5)  -> (artifact id: '4d06428ed2c0309a4da0b9ae9039dd90') in 0.004610 seconds 
========================================================================
Received Import Request.
  Time since last request: 0.000083 seconds.
  path: Assets/Settings/Skin.asset
  artifactKey: Guid(26bdddf49760c61438938733f07fa2a2) Importer(2089858483,934ff659095e30574adcf32a4c2f97b5)
Start importing Assets/Settings/Skin.asset using Guid(26bdddf49760c61438938733f07fa2a2) Importer(2089858483,934ff659095e30574adcf32a4c2f97b5)  -> (artifact id: '5fd009626cc32f1f4b29b63a8d553d4c') in 0.004855 seconds 
========================================================================
Received Import Request.
  Time since last request: 0.000085 seconds.
  path: Assets/MASH Virtual/Asset/Post Processing/Main Camera Profile.asset
  artifactKey: Guid(d8d64786ef48e884eb474355f486ba8e) Importer(2089858483,934ff659095e30574adcf32a4c2f97b5)
Start importing Assets/MASH Virtual/Asset/Post Processing/Main Camera Profile.asset using Guid(d8d64786ef48e884eb474355f486ba8e) Importer(2089858483,934ff659095e30574adcf32a4c2f97b5)  -> (artifact id: 'ef586fd9c6fb46b8c2ca68eaab72beb8') in 0.009623 seconds 
========================================================================
Received Import Request.
  Time since last request: 0.000100 seconds.
  path: Packages/com.unity.render-pipelines.core/Runtime/Debugging/Prefabs/Resources/DebugUICanvas.prefab
  artifactKey: Guid(cf6cbdd672089a84796e55a21fed1cbe) Importer(815301076,1909f56bfc062723c751e8b465ee728b)
Start importing Packages/com.unity.render-pipelines.core/Runtime/Debugging/Prefabs/Resources/DebugUICanvas.prefab using Guid(cf6cbdd672089a84796e55a21fed1cbe) Importer(815301076,1909f56bfc062723c751e8b465ee728b)  -> (artifact id: '506c2a4bc887855571750cf9bd033175') in 0.055159 seconds 
========================================================================
Received Import Request.
  Time since last request: 24.994118 seconds.
  path: Assets/Scripts/Inspect/InspectController.cs
  artifactKey: Guid(9bf716c7867a81f4e8e71429fdde9ec8) Importer(2089858483,934ff659095e30574adcf32a4c2f97b5)
Start importing Assets/Scripts/Inspect/InspectController.cs using Guid(9bf716c7867a81f4e8e71429fdde9ec8) Importer(2089858483,934ff659095e30574adcf32a4c2f97b5)  -> (artifact id: '25add68494f1d991d2422b6aac4f90c1') in 0.005042 seconds 
========================================================================
Received Import Request.
  Time since last request: 93.032050 seconds.
  path: Assets/Scripts/Inspect/InspectRaycast.cs
  artifactKey: Guid(b357e9567cc95af47901835e3461b67e) Importer(2089858483,934ff659095e30574adcf32a4c2f97b5)
Start importing Assets/Scripts/Inspect/InspectRaycast.cs using Guid(b357e9567cc95af47901835e3461b67e) Importer(2089858483,934ff659095e30574adcf32a4c2f97b5)  -> (artifact id: '40b7b2af8f699d96a33e741aff82eaf4') in 0.005080 seconds 
========================================================================
Received Prepare
Registering precompiled user dll's ...
Registered in 0.001837 seconds.
Begin MonoManager ReloadAssembly
Native extension for WindowsStandalone target not found
Refreshing native plugins compatible for Editor in 0.65 ms, found 2 plugins.
Preloading 0 native plugins for Editor in 0.00 ms.
HDRP Internally changed the storage of Cube Cookie to use Octahedral Projection inside the 2D Cookie Atlas. It is recommended that you increase the size of the 2D Cookie Atlas if your cookies no longer fit.
UnityEngine.StackTraceUtility:ExtractStackTrace ()
UnityEngine.DebugLogHandler:LogFormat (UnityEngine.LogType,UnityEngine.Object,string,object[])
UnityEngine.Logger:Log (UnityEngine.LogType,object)
UnityEngine.Debug:Log (object)
UnityEngine.Rendering.HighDefinition.HDRenderPipelineAsset/<>c:<.cctor>b__108_12 (UnityEngine.Rendering.HighDefinition.HDRenderPipelineAsset) (at Library/PackageCache/com.unity.render-pipelines.high-definition@11.0.0/Runtime/RenderPipeline/HDRenderPipelineAsset.Migration.cs:126)
UnityEngine.Rendering.HighDefinition.MigrationStep`2<UnityEngine.Rendering.HighDefinition.HDRenderPipelineAsset/Version, UnityEngine.Rendering.HighDefinition.HDRenderPipelineAsset>:Migrate (UnityEngine.Rendering.HighDefinition.HDRenderPipelineAsset) (at Library/PackageCache/com.unity.render-pipelines.high-definition@11.0.0/Runtime/Core/Migration/MigrationStep.cs:52)
UnityEngine.Rendering.HighDefinition.MigrationDescription`2<UnityEngine.Rendering.HighDefinition.HDRenderPipelineAsset/Version, UnityEngine.Rendering.HighDefinition.HDRenderPipelineAsset>:Migrate (UnityEngine.Rendering.HighDefinition.HDRenderPipelineAsset) (at Library/PackageCache/com.unity.render-pipelines.high-definition@11.0.0/Runtime/Core/Migration/MigrationDescription.cs:101)
UnityEngine.Rendering.HighDefinition.HDRenderPipelineAsset:OnEnable () (at Library/PackageCache/com.unity.render-pipelines.high-definition@11.0.0/Runtime/RenderPipeline/HDRenderPipelineAsset.Migration.cs:146)
UnityEngine.Rendering.GraphicsSettings:get_currentRenderPipeline ()
UnityEditor.Rendering.HighDefinition.HDBakedReflectionSystem:Initialize () (at Library/PackageCache/com.unity.render-pipelines.high-definition@11.0.0/Editor/Lighting/Reflection/HDBakedReflectionSystem.cs:42)
System.Reflection.MonoMethod:Invoke (object,System.Reflection.BindingFlags,System.Reflection.Binder,object[],System.Globalization.CultureInfo)
System.Reflection.MethodBase:Invoke (object,object[])
UnityEditor.EditorAssemblies:ProcessInitializeOnLoadMethodAttributes ()

(Filename: Library/PackageCache/com.unity.render-pipelines.high-definition@11.0.0/Runtime/RenderPipeline/HDRenderPipelineAsset.Migration.cs Line: 126)

Mono: successfully reloaded assembly
- Completed reload, in  0.824 seconds
Domain Reload Profiling:
	ReloadAssembly (824ms)
		BeginReloadAssembly (107ms)
			ExecutionOrderSort (0ms)
			DisableScriptedObjects (3ms)
			BackupInstance (0ms)
			ReleaseScriptingObjects (0ms)
			CreateAndSetChildDomain (45ms)
		EndReloadAssembly (673ms)
			LoadAssemblies (65ms)
			RebuildTransferFunctionScriptingTraits (0ms)
			SetupTypeCache (225ms)
			ReleaseScriptCaches (2ms)
			RebuildScriptCaches (47ms)
			SetupLoadedEditorAssemblies (250ms)
				LogAssemblyErrors (0ms)
				InitializePlatformSupportModulesInManaged (3ms)
				SetLoadedEditorAssemblies (0ms)
				RefreshPlugins (1ms)
				BeforeProcessingInitializeOnLoad (58ms)
				ProcessInitializeOnLoadAttributes (172ms)
				ProcessInitializeOnLoadMethodAttributes (13ms)
				AfterProcessingInitializeOnLoad (3ms)
				EditorAssembliesLoaded (0ms)
			ExecutionOrderSort2 (0ms)
			AwakeInstancesAfterBackupRestoration (5ms)
Platform modules already initialized, skipping
Refreshing native plugins compatible for Editor in 0.64 ms, found 2 plugins.
Preloading 0 native plugins for Editor in 0.00 ms.
Unloading 3702 Unused Serialized files (Serialized files now loaded: 0)
System memory in use before: 254.7 MB.
System memory in use after: 254.9 MB.

Unloading 25 unused Assets to reduce memory usage. Loaded Objects now: 4464.
Total: 3.373700 ms (FindLiveObjects: 0.245800 ms CreateObjectMapping: 0.118600 ms MarkObjects: 2.592100 ms  DeleteObjects: 0.416400 ms)

AssetImportParameters requested are different than current active one (requested -> active):
  custom:framework-win-MediaFoundation: 216162199b28c13a410421893ffa2e32 -> 
  custom:video-decoder-ogg-theora: a1e56fd34408186e4bbccfd4996cb3dc -> 
  custom:container-muxer-webm: aa71ff27fc2769a1b78a27578f13a17b -> 
  custom:container-demuxer-webm: 4f35f7cbe854078d1ac9338744f61a02 -> 
  custom:container-demuxer-ogg: 62fdf1f143b41e24485cea50d1cbac27 -> 
  custom:video-encoder-webm-vp8: eb34c28f22e8b96e1ab97ce403110664 -> 
  custom:video-decoder-webm-vp8: 9c59270c3fd7afecdb556c50c9e8de78 -> 
  custom:audio-decoder-ogg-vorbis: bf7c407c2cedff20999df2af8eb42d56 -> 
  custom:audio-encoder-webm-vorbis: bf7c407c2cedff20999df2af8eb42d56 -> 
========================================================================
Received Import Request.
  Time since last request: 50.884564 seconds.
  path: Assets/Scripts/Inspect/ObjectController.cs
  artifactKey: Guid(6303fc3ea72175444bdc9388b7c696e5) Importer(815301076,1909f56bfc062723c751e8b465ee728b)
Start importing Assets/Scripts/Inspect/ObjectController.cs using Guid(6303fc3ea72175444bdc9388b7c696e5) Importer(815301076,1909f56bfc062723c751e8b465ee728b)  -> (artifact id: '2da90cc3acb55cb525d7f61217b93923') in 0.008323 seconds 
========================================================================
Received Prepare
Registering precompiled user dll's ...
Registered in 0.001746 seconds.
Begin MonoManager ReloadAssembly
Native extension for WindowsStandalone target not found
Refreshing native plugins compatible for Editor in 0.65 ms, found 2 plugins.
Preloading 0 native plugins for Editor in 0.00 ms.
Mono: successfully reloaded assembly
- Completed reload, in  0.787 seconds
Domain Reload Profiling:
	ReloadAssembly (788ms)
		BeginReloadAssembly (88ms)
			ExecutionOrderSort (0ms)
			DisableScriptedObjects (3ms)
			BackupInstance (0ms)
			ReleaseScriptingObjects (0ms)
			CreateAndSetChildDomain (29ms)
		EndReloadAssembly (661ms)
			LoadAssemblies (60ms)
			RebuildTransferFunctionScriptingTraits (0ms)
			SetupTypeCache (226ms)
			ReleaseScriptCaches (2ms)
			RebuildScriptCaches (46ms)
			SetupLoadedEditorAssemblies (237ms)
				LogAssemblyErrors (0ms)
				InitializePlatformSupportModulesInManaged (3ms)
				SetLoadedEditorAssemblies (0ms)
				RefreshPlugins (1ms)
				BeforeProcessingInitializeOnLoad (58ms)
				ProcessInitializeOnLoadAttributes (167ms)
				ProcessInitializeOnLoadMethodAttributes (5ms)
				AfterProcessingInitializeOnLoad (3ms)
				EditorAssembliesLoaded (0ms)
			ExecutionOrderSort2 (0ms)
			AwakeInstancesAfterBackupRestoration (10ms)
Platform modules already initialized, skipping
Refreshing native plugins compatible for Editor in 0.65 ms, found 2 plugins.
Preloading 0 native plugins for Editor in 0.00 ms.
Unloading 3699 Unused Serialized files (Serialized files now loaded: 0)
System memory in use before: 254.7 MB.
System memory in use after: 254.9 MB.

Unloading 11 unused Assets to reduce memory usage. Loaded Objects now: 4467.
Total: 2.976000 ms (FindLiveObjects: 0.247000 ms CreateObjectMapping: 0.122600 ms MarkObjects: 2.558000 ms  DeleteObjects: 0.047800 ms)

AssetImportParameters requested are different than current active one (requested -> active):
  custom:framework-win-MediaFoundation: 216162199b28c13a410421893ffa2e32 -> 
  custom:video-decoder-ogg-theora: a1e56fd34408186e4bbccfd4996cb3dc -> 
  custom:container-muxer-webm: aa71ff27fc2769a1b78a27578f13a17b -> 
  custom:container-demuxer-webm: 4f35f7cbe854078d1ac9338744f61a02 -> 
  custom:container-demuxer-ogg: 62fdf1f143b41e24485cea50d1cbac27 -> 
  custom:video-encoder-webm-vp8: eb34c28f22e8b96e1ab97ce403110664 -> 
  custom:video-decoder-webm-vp8: 9c59270c3fd7afecdb556c50c9e8de78 -> 
  custom:audio-decoder-ogg-vorbis: bf7c407c2cedff20999df2af8eb42d56 -> 
  custom:audio-encoder-webm-vorbis: bf7c407c2cedff20999df2af8eb42d56 -> 
========================================================================
Received Import Request.
  Time since last request: 81.268281 seconds.
  path: Assets/Scripts/Inspect/ObjectController.cs
  artifactKey: Guid(6303fc3ea72175444bdc9388b7c696e5) Importer(815301076,1909f56bfc062723c751e8b465ee728b)
Start importing Assets/Scripts/Inspect/ObjectController.cs using Guid(6303fc3ea72175444bdc9388b7c696e5) Importer(815301076,1909f56bfc062723c751e8b465ee728b)  -> (artifact id: '84e2cbcbdbb4cdb1adc1e7675efe1fc1') in 0.006550 seconds 
========================================================================
Received Prepare
Registering precompiled user dll's ...
Registered in 0.001832 seconds.
Begin MonoManager ReloadAssembly
Native extension for WindowsStandalone target not found
Refreshing native plugins compatible for Editor in 0.68 ms, found 2 plugins.
Preloading 0 native plugins for Editor in 0.00 ms.
Mono: successfully reloaded assembly
- Completed reload, in  0.809 seconds
Domain Reload Profiling:
	ReloadAssembly (809ms)
		BeginReloadAssembly (89ms)
			ExecutionOrderSort (0ms)
			DisableScriptedObjects (4ms)
			BackupInstance (0ms)
			ReleaseScriptingObjects (0ms)
			CreateAndSetChildDomain (30ms)
		EndReloadAssembly (680ms)
			LoadAssemblies (62ms)
			RebuildTransferFunctionScriptingTraits (0ms)
			SetupTypeCache (227ms)
			ReleaseScriptCaches (2ms)
			RebuildScriptCaches (48ms)
			SetupLoadedEditorAssemblies (247ms)
				LogAssemblyErrors (0ms)
				InitializePlatformSupportModulesInManaged (4ms)
				SetLoadedEditorAssemblies (0ms)
				RefreshPlugins (1ms)
				BeforeProcessingInitializeOnLoad (62ms)
				ProcessInitializeOnLoadAttributes (172ms)
				ProcessInitializeOnLoadMethodAttributes (5ms)
				AfterProcessingInitializeOnLoad (3ms)
				EditorAssembliesLoaded (0ms)
			ExecutionOrderSort2 (0ms)
			AwakeInstancesAfterBackupRestoration (11ms)
Platform modules already initialized, skipping
Refreshing native plugins compatible for Editor in 0.66 ms, found 2 plugins.
Preloading 0 native plugins for Editor in 0.00 ms.
Unloading 3699 Unused Serialized files (Serialized files now loaded: 0)
System memory in use before: 254.7 MB.
System memory in use after: 254.9 MB.

Unloading 11 unused Assets to reduce memory usage. Loaded Objects now: 4469.
Total: 3.038300 ms (FindLiveObjects: 0.255700 ms CreateObjectMapping: 0.131900 ms MarkObjects: 2.601200 ms  DeleteObjects: 0.048900 ms)

AssetImportParameters requested are different than current active one (requested -> active):
  custom:framework-win-MediaFoundation: 216162199b28c13a410421893ffa2e32 -> 
  custom:video-decoder-ogg-theora: a1e56fd34408186e4bbccfd4996cb3dc -> 
  custom:container-muxer-webm: aa71ff27fc2769a1b78a27578f13a17b -> 
  custom:container-demuxer-webm: 4f35f7cbe854078d1ac9338744f61a02 -> 
  custom:container-demuxer-ogg: 62fdf1f143b41e24485cea50d1cbac27 -> 
  custom:video-encoder-webm-vp8: eb34c28f22e8b96e1ab97ce403110664 -> 
  custom:video-decoder-webm-vp8: 9c59270c3fd7afecdb556c50c9e8de78 -> 
  custom:audio-decoder-ogg-vorbis: bf7c407c2cedff20999df2af8eb42d56 -> 
  custom:audio-encoder-webm-vorbis: bf7c407c2cedff20999df2af8eb42d56 -> 
========================================================================
Received Import Request.
  Time since last request: 67.215072 seconds.
  path: Assets/Scripts/Inspect/ObjectController.cs
  artifactKey: Guid(6303fc3ea72175444bdc9388b7c696e5) Importer(815301076,1909f56bfc062723c751e8b465ee728b)
Start importing Assets/Scripts/Inspect/ObjectController.cs using Guid(6303fc3ea72175444bdc9388b7c696e5) Importer(815301076,1909f56bfc062723c751e8b465ee728b)  -> (artifact id: '23a321952ef819c7a682d0fb79306715') in 0.005229 seconds 
========================================================================
Received Import Request.
  Time since last request: 327.211630 seconds.
  path: Assets/Scripts/Inspect/ObjectController.cs
  artifactKey: Guid(6303fc3ea72175444bdc9388b7c696e5) Importer(815301076,1909f56bfc062723c751e8b465ee728b)
Start importing Assets/Scripts/Inspect/ObjectController.cs using Guid(6303fc3ea72175444bdc9388b7c696e5) Importer(815301076,1909f56bfc062723c751e8b465ee728b)  -> (artifact id: '7d608ff2ae2fe90e858cbe365559c387') in 0.001922 seconds 
========================================================================
Received Prepare
Registering precompiled user dll's ...
Registered in 0.002051 seconds.
Begin MonoManager ReloadAssembly
Native extension for WindowsStandalone target not found
Refreshing native plugins compatible for Editor in 0.65 ms, found 2 plugins.
Preloading 0 native plugins for Editor in 0.00 ms.
Mono: successfully reloaded assembly
- Completed reload, in  0.796 seconds
Domain Reload Profiling:
	ReloadAssembly (796ms)
		BeginReloadAssembly (89ms)
			ExecutionOrderSort (0ms)
			DisableScriptedObjects (4ms)
			BackupInstance (0ms)
			ReleaseScriptingObjects (0ms)
			CreateAndSetChildDomain (30ms)
		EndReloadAssembly (669ms)
			LoadAssemblies (60ms)
			RebuildTransferFunctionScriptingTraits (0ms)
			SetupTypeCache (215ms)
			ReleaseScriptCaches (2ms)
			RebuildScriptCaches (46ms)
			SetupLoadedEditorAssemblies (253ms)
				LogAssemblyErrors (0ms)
				InitializePlatformSupportModulesInManaged (3ms)
				SetLoadedEditorAssemblies (0ms)
				RefreshPlugins (1ms)
				BeforeProcessingInitializeOnLoad (58ms)
				ProcessInitializeOnLoadAttributes (183ms)
				ProcessInitializeOnLoadMethodAttributes (5ms)
				AfterProcessingInitializeOnLoad (3ms)
				EditorAssembliesLoaded (0ms)
			ExecutionOrderSort2 (0ms)
			AwakeInstancesAfterBackupRestoration (10ms)
Platform modules already initialized, skipping
Refreshing native plugins compatible for Editor in 0.64 ms, found 2 plugins.
Preloading 0 native plugins for Editor in 0.00 ms.
Unloading 3699 Unused Serialized files (Serialized files now loaded: 0)
System memory in use before: 254.7 MB.
System memory in use after: 254.9 MB.

Unloading 11 unused Assets to reduce memory usage. Loaded Objects now: 4471.
Total: 2.984800 ms (FindLiveObjects: 0.267900 ms CreateObjectMapping: 0.083100 ms MarkObjects: 2.582000 ms  DeleteObjects: 0.051100 ms)

AssetImportParameters requested are different than current active one (requested -> active):
  custom:framework-win-MediaFoundation: 216162199b28c13a410421893ffa2e32 -> 
  custom:video-decoder-ogg-theora: a1e56fd34408186e4bbccfd4996cb3dc -> 
  custom:container-muxer-webm: aa71ff27fc2769a1b78a27578f13a17b -> 
  custom:container-demuxer-webm: 4f35f7cbe854078d1ac9338744f61a02 -> 
  custom:container-demuxer-ogg: 62fdf1f143b41e24485cea50d1cbac27 -> 
  custom:video-encoder-webm-vp8: eb34c28f22e8b96e1ab97ce403110664 -> 
  custom:video-decoder-webm-vp8: 9c59270c3fd7afecdb556c50c9e8de78 -> 
  custom:audio-decoder-ogg-vorbis: bf7c407c2cedff20999df2af8eb42d56 -> 
  custom:audio-encoder-webm-vorbis: bf7c407c2cedff20999df2af8eb42d56 -> 
========================================================================
Received Import Request.
  Time since last request: 136.896916 seconds.
  path: ProjectSettings/TagManager.asset
  artifactKey: Guid(00000000000000003000000000000000) Importer(815301076,1909f56bfc062723c751e8b465ee728b)
Start importing ProjectSettings/TagManager.asset using Guid(00000000000000003000000000000000) Importer(815301076,1909f56bfc062723c751e8b465ee728b)  -> (artifact id: '96f398778306ae2dbb44bbd082825502') in 0.047808 seconds 
========================================================================
Received Prepare
Registering precompiled user dll's ...
Registered in 0.001761 seconds.
Begin MonoManager ReloadAssembly
Native extension for WindowsStandalone target not found
Refreshing native plugins compatible for Editor in 0.67 ms, found 2 plugins.
Preloading 0 native plugins for Editor in 0.00 ms.
Mono: successfully reloaded assembly
- Completed reload, in  0.828 seconds
Domain Reload Profiling:
	ReloadAssembly (828ms)
		BeginReloadAssembly (89ms)
			ExecutionOrderSort (0ms)
			DisableScriptedObjects (3ms)
			BackupInstance (0ms)
			ReleaseScriptingObjects (0ms)
			CreateAndSetChildDomain (30ms)
		EndReloadAssembly (696ms)
			LoadAssemblies (63ms)
			RebuildTransferFunctionScriptingTraits (0ms)
			SetupTypeCache (226ms)
			ReleaseScriptCaches (2ms)
			RebuildScriptCaches (48ms)
			SetupLoadedEditorAssemblies (262ms)
				LogAssemblyErrors (0ms)
				InitializePlatformSupportModulesInManaged (3ms)
				SetLoadedEditorAssemblies (0ms)
				RefreshPlugins (1ms)
				BeforeProcessingInitializeOnLoad (59ms)
				ProcessInitializeOnLoadAttributes (189ms)
				ProcessInitializeOnLoadMethodAttributes (6ms)
				AfterProcessingInitializeOnLoad (4ms)
				EditorAssembliesLoaded (0ms)
			ExecutionOrderSort2 (0ms)
			AwakeInstancesAfterBackupRestoration (12ms)
Platform modules already initialized, skipping
Refreshing native plugins compatible for Editor in 0.65 ms, found 2 plugins.
Preloading 0 native plugins for Editor in 0.00 ms.
Unloading 3699 Unused Serialized files (Serialized files now loaded: 0)
System memory in use before: 254.8 MB.
System memory in use after: 254.9 MB.

Unloading 12 unused Assets to reduce memory usage. Loaded Objects now: 4473.
Total: 3.168500 ms (FindLiveObjects: 0.262200 ms CreateObjectMapping: 0.128800 ms MarkObjects: 2.720400 ms  DeleteObjects: 0.056600 ms)

AssetImportParameters requested are different than current active one (requested -> active):
  custom:framework-win-MediaFoundation: 216162199b28c13a410421893ffa2e32 -> 
  custom:video-decoder-ogg-theora: a1e56fd34408186e4bbccfd4996cb3dc -> 
  custom:container-muxer-webm: aa71ff27fc2769a1b78a27578f13a17b -> 
  custom:container-demuxer-webm: 4f35f7cbe854078d1ac9338744f61a02 -> 
  custom:container-demuxer-ogg: 62fdf1f143b41e24485cea50d1cbac27 -> 
  custom:video-encoder-webm-vp8: eb34c28f22e8b96e1ab97ce403110664 -> 
  custom:video-decoder-webm-vp8: 9c59270c3fd7afecdb556c50c9e8de78 -> 
  custom:audio-decoder-ogg-vorbis: bf7c407c2cedff20999df2af8eb42d56 -> 
  custom:audio-encoder-webm-vorbis: bf7c407c2cedff20999df2af8eb42d56 -> 
AssetImportWorkerClient::OnTransportError - code=2 error=End of file
